<?xml version="1.0" encoding="UTF-8"?>
<testsuite name="org.SoftwareAssignment1a.TestLecture" tests="2" skipped="0" failures="0" errors="0" timestamp="2022-10-14T22:59:45" hostname="Tamsins-MacBook-Pro.local" time="0.02">
  <properties/>
  <testcase name="testGenUsernameLecturer()" classname="org.SoftwareAssignment1a.TestLecture" time="0.017"/>
  <testcase name="testGenUsernameStudent()" classname="org.SoftwareAssignment1a.TestLecture" time="0.002"/>
  <system-out><![CDATA[]]></system-out>
  <system-err><![CDATA[]]></system-err>
</testsuite>
